<?xml version="1.0" encoding="UTF-8"?>
<!-- Generated by org.testng.reporters.JUnitReportReporter -->
<testsuite skipped="0" hostname="DESKTOP-U50TKUC" name="com.training.sanity.tests.LoginTests" tests="3" failures="0" timestamp="2019-11-20T11:11:05 IST" time="76.860" errors="0">
  <testcase name="userRegisterTest" time="24.254" classname="com.training.sanity.tests.LoginTests"/>
  <testcase name="validLoginTest" time="21.395" classname="com.training.sanity.tests.LoginTests"/>
  <testcase name="forgotPasswd" time="31.211" classname="com.training.sanity.tests.LoginTests"/>
</testsuite> <!-- com.training.sanity.tests.LoginTests -->
