<?xml version="1.0" encoding="UTF-8"?>
<!-- Generated by org.testng.reporters.JUnitReportReporter -->
<testsuite skipped="0" hostname="DESKTOP-U50TKUC" name="simple.RETC_001" tests="1" failures="0" timestamp="2019-11-11T17:30:39 IST" time="37.608" errors="0">
  <testcase name="login" time="37.608" classname="simple.RETC_001"/>
</testsuite> <!-- simple.RETC_001 -->
