<?xml version="1.0" encoding="UTF-8"?>
<!-- Generated by org.testng.reporters.JUnitReportReporter -->
<testsuite skipped="0" hostname="DESKTOP-U50TKUC" name="com.training.sanity.tests.AddProperties" tests="3" failures="0" timestamp="2019-11-20T11:05:04 IST" time="153.187" errors="0">
  <testcase name="addNewProperty" time="65.406" classname="com.training.sanity.tests.AddProperties"/>
  <testcase name="newLaunch" time="41.342" classname="com.training.sanity.tests.AddProperties"/>
  <testcase name="allProperties" time="46.439" classname="com.training.sanity.tests.AddProperties"/>
</testsuite> <!-- com.training.sanity.tests.AddProperties -->
