<?xml version="1.0" encoding="UTF-8"?>
<!-- Generated by org.testng.reporters.JUnitReportReporter -->
<testsuite skipped="0" hostname="DESKTOP-U50TKUC" name="com.training.sanity.tests.LoginTests" tests="3" failures="0" timestamp="2019-11-14T16:48:33 IST" time="107.646" errors="0">
  <testcase name="userRegisterTest" time="29.656" classname="com.training.sanity.tests.LoginTests"/>
  <testcase name="validLoginTest" time="31.393" classname="com.training.sanity.tests.LoginTests"/>
  <testcase name="forgotPasswd" time="46.597" classname="com.training.sanity.tests.LoginTests"/>
</testsuite> <!-- com.training.sanity.tests.LoginTests -->
