<?xml version="1.0" encoding="UTF-8"?>
<!-- Generated by org.testng.reporters.JUnitReportReporter -->
<testsuite skipped="0" hostname="DESKTOP-U50TKUC" name="com.training.sanity.tests.LoginTests" tests="2" failures="0" timestamp="2019-11-12T20:55:47 IST" time="92.624" errors="0">
  <testcase name="userRegisterTest" time="42.745" classname="com.training.sanity.tests.LoginTests"/>
  <testcase name="validLoginTest" time="49.879" classname="com.training.sanity.tests.LoginTests"/>
</testsuite> <!-- com.training.sanity.tests.LoginTests -->
